<?xml version="1.0" encoding="UTF-8"?>
<testng-results skipped="0" failed="3" total="11" passed="8">
  <reporter-output>
  </reporter-output>
  <suite name="RestAssuredSuite" duration-ms="29451" started-at="2020-04-27T22:56:49Z" finished-at="2020-04-27T22:57:18Z">
    <groups>
    </groups>
    <test name="RestAssuredTests" duration-ms="29451" started-at="2020-04-27T22:56:49Z" finished-at="2020-04-27T22:57:18Z">
      <class name="com.employeeapi.test.TC005_Delete_Emp_Record">
        <test-method status="PASS" signature="setup()[pri:0, instance:com.employeeapi.test.TC005_Delete_Emp_Record@4e04a765]" name="setup" is-config="true" duration-ms="2" started-at="2020-04-27T15:57:12Z" finished-at="2020-04-27T15:57:12Z">
          <reporter-output>
          </reporter-output>
        </test-method> <!-- setup -->
        <test-method status="PASS" signature="getAllEmployees()[pri:0, instance:com.employeeapi.test.TC005_Delete_Emp_Record@4e04a765]" name="getAllEmployees" is-config="true" duration-ms="5835" started-at="2020-04-27T15:57:12Z" finished-at="2020-04-27T15:57:18Z">
          <reporter-output>
          </reporter-output>
        </test-method> <!-- getAllEmployees -->
        <test-method status="FAIL" signature="checkResponseBody()[pri:0, instance:com.employeeapi.test.TC005_Delete_Emp_Record@4e04a765]" name="checkResponseBody" duration-ms="1" started-at="2020-04-27T15:57:18Z" finished-at="2020-04-27T15:57:18Z">
          <exception class="java.lang.AssertionError">
            <message>
              <![CDATA[expected [true] but found [false]]]>
            </message>
            <full-stacktrace>
              <![CDATA[java.lang.AssertionError: expected [true] but found [false]
	at org.testng.Assert.fail(Assert.java:94)
	at org.testng.Assert.failNotEquals(Assert.java:494)
	at org.testng.Assert.assertEquals(Assert.java:123)
	at org.testng.Assert.assertEquals(Assert.java:286)
	at org.testng.Assert.assertEquals(Assert.java:296)
	at com.employeeapi.test.TC005_Delete_Emp_Record.checkResponseBody(TC005_Delete_Emp_Record.java:38)
	at sun.reflect.NativeMethodAccessorImpl.invoke0(Native Method)
	at sun.reflect.NativeMethodAccessorImpl.invoke(NativeMethodAccessorImpl.java:62)
	at sun.reflect.DelegatingMethodAccessorImpl.invoke(DelegatingMethodAccessorImpl.java:43)
	at java.lang.reflect.Method.invoke(Method.java:498)
	at org.testng.internal.MethodInvocationHelper.invokeMethod(MethodInvocationHelper.java:80)
	at org.testng.internal.Invoker.invokeMethod(Invoker.java:714)
	at org.testng.internal.Invoker.invokeTestMethod(Invoker.java:901)
	at org.testng.internal.Invoker.invokeTestMethods(Invoker.java:1231)
	at org.testng.internal.TestMethodWorker.invokeTestMethods(TestMethodWorker.java:127)
	at org.testng.internal.TestMethodWorker.run(TestMethodWorker.java:111)
	at org.testng.TestRunner.privateRun(TestRunner.java:767)
	at org.testng.TestRunner.run(TestRunner.java:617)
	at org.testng.SuiteRunner.runTest(SuiteRunner.java:334)
	at org.testng.SuiteRunner.runSequentially(SuiteRunner.java:329)
	at org.testng.SuiteRunner.privateRun(SuiteRunner.java:291)
	at org.testng.SuiteRunner.run(SuiteRunner.java:240)
	at org.testng.SuiteRunnerWorker.runSuite(SuiteRunnerWorker.java:52)
	at org.testng.SuiteRunnerWorker.run(SuiteRunnerWorker.java:86)
	at org.testng.TestNG.runSuitesSequentially(TestNG.java:1198)
	at org.testng.TestNG.runSuitesLocally(TestNG.java:1123)
	at org.testng.TestNG.run(TestNG.java:1031)
	at org.apache.maven.surefire.testng.TestNGExecutor.run(TestNGExecutor.java:283)
	at org.apache.maven.surefire.testng.TestNGXmlTestSuite.execute(TestNGXmlTestSuite.java:75)
	at org.apache.maven.surefire.testng.TestNGProvider.invoke(TestNGProvider.java:120)
	at org.apache.maven.surefire.booter.ForkedBooter.invokeProviderInSameClassLoader(ForkedBooter.java:386)
	at org.apache.maven.surefire.booter.ForkedBooter.runSuitesInProcess(ForkedBooter.java:323)
	at org.apache.maven.surefire.booter.ForkedBooter.main(ForkedBooter.java:143)
]]>
            </full-stacktrace>
          </exception> <!-- java.lang.AssertionError -->
          <reporter-output>
          </reporter-output>
        </test-method> <!-- checkResponseBody -->
      </class> <!-- com.employeeapi.test.TC005_Delete_Emp_Record -->
      <class name="com.employeeapi.test.TC002_Get_OneEmp_Record">
        <test-method status="PASS" signature="setup()[pri:0, instance:com.employeeapi.test.TC002_Get_OneEmp_Record@735f7ae5]" name="setup" is-config="true" duration-ms="2" started-at="2020-04-27T15:56:56Z" finished-at="2020-04-27T15:56:56Z">
          <reporter-output>
          </reporter-output>
        </test-method> <!-- setup -->
        <test-method status="PASS" signature="getAllEmployees()[pri:0, instance:com.employeeapi.test.TC002_Get_OneEmp_Record@735f7ae5]" name="getAllEmployees" is-config="true" duration-ms="4183" started-at="2020-04-27T15:56:56Z" finished-at="2020-04-27T15:57:00Z">
          <reporter-output>
          </reporter-output>
        </test-method> <!-- getAllEmployees -->
        <test-method status="PASS" signature="checkResponseBody()[pri:0, instance:com.employeeapi.test.TC002_Get_OneEmp_Record@735f7ae5]" name="checkResponseBody" duration-ms="4" started-at="2020-04-27T15:57:00Z" finished-at="2020-04-27T15:57:00Z">
          <reporter-output>
          </reporter-output>
        </test-method> <!-- checkResponseBody -->
        <test-method status="FAIL" signature="checkStatusCode()[pri:0, instance:com.employeeapi.test.TC002_Get_OneEmp_Record@735f7ae5]" name="checkStatusCode" duration-ms="6" started-at="2020-04-27T15:57:00Z" finished-at="2020-04-27T15:57:00Z">
          <exception class="java.lang.AssertionError">
            <message>
              <![CDATA[expected [200] but found [404]]]>
            </message>
            <full-stacktrace>
              <![CDATA[java.lang.AssertionError: expected [200] but found [404]
	at org.testng.Assert.fail(Assert.java:94)
	at org.testng.Assert.failNotEquals(Assert.java:494)
	at org.testng.Assert.assertEquals(Assert.java:123)
	at org.testng.Assert.assertEquals(Assert.java:370)
	at org.testng.Assert.assertEquals(Assert.java:380)
	at com.employeeapi.test.TC002_Get_OneEmp_Record.checkStatusCode(TC002_Get_OneEmp_Record.java:41)
	at sun.reflect.NativeMethodAccessorImpl.invoke0(Native Method)
	at sun.reflect.NativeMethodAccessorImpl.invoke(NativeMethodAccessorImpl.java:62)
	at sun.reflect.DelegatingMethodAccessorImpl.invoke(DelegatingMethodAccessorImpl.java:43)
	at java.lang.reflect.Method.invoke(Method.java:498)
	at org.testng.internal.MethodInvocationHelper.invokeMethod(MethodInvocationHelper.java:80)
	at org.testng.internal.Invoker.invokeMethod(Invoker.java:714)
	at org.testng.internal.Invoker.invokeTestMethod(Invoker.java:901)
	at org.testng.internal.Invoker.invokeTestMethods(Invoker.java:1231)
	at org.testng.internal.TestMethodWorker.invokeTestMethods(TestMethodWorker.java:127)
	at org.testng.internal.TestMethodWorker.run(TestMethodWorker.java:111)
	at org.testng.TestRunner.privateRun(TestRunner.java:767)
	at org.testng.TestRunner.run(TestRunner.java:617)
	at org.testng.SuiteRunner.runTest(SuiteRunner.java:334)
	at org.testng.SuiteRunner.runSequentially(SuiteRunner.java:329)
	at org.testng.SuiteRunner.privateRun(SuiteRunner.java:291)
	at org.testng.SuiteRunner.run(SuiteRunner.java:240)
	at org.testng.SuiteRunnerWorker.runSuite(SuiteRunnerWorker.java:52)
	at org.testng.SuiteRunnerWorker.run(SuiteRunnerWorker.java:86)
	at org.testng.TestNG.runSuitesSequentially(TestNG.java:1198)
	at org.testng.TestNG.runSuitesLocally(TestNG.java:1123)
	at org.testng.TestNG.run(TestNG.java:1031)
	at org.apache.maven.surefire.testng.TestNGExecutor.run(TestNGExecutor.java:283)
	at org.apache.maven.surefire.testng.TestNGXmlTestSuite.execute(TestNGXmlTestSuite.java:75)
	at org.apache.maven.surefire.testng.TestNGProvider.invoke(TestNGProvider.java:120)
	at org.apache.maven.surefire.booter.ForkedBooter.invokeProviderInSameClassLoader(ForkedBooter.java:386)
	at org.apache.maven.surefire.booter.ForkedBooter.runSuitesInProcess(ForkedBooter.java:323)
	at org.apache.maven.surefire.booter.ForkedBooter.main(ForkedBooter.java:143)
]]>
            </full-stacktrace>
          </exception> <!-- java.lang.AssertionError -->
          <reporter-output>
          </reporter-output>
        </test-method> <!-- checkStatusCode -->
      </class> <!-- com.employeeapi.test.TC002_Get_OneEmp_Record -->
      <class name="com.employeeapi.test.TC003_Post_Emp_Record">
        <test-method status="PASS" signature="setup()[pri:0, instance:com.employeeapi.test.TC003_Post_Emp_Record@180bc464]" name="setup" is-config="true" duration-ms="4" started-at="2020-04-27T15:57:00Z" finished-at="2020-04-27T15:57:00Z">
          <reporter-output>
          </reporter-output>
        </test-method> <!-- setup -->
        <test-method status="PASS" signature="createEmployees()[pri:0, instance:com.employeeapi.test.TC003_Post_Emp_Record@180bc464]" name="createEmployees" is-config="true" duration-ms="6173" started-at="2020-04-27T15:57:00Z" finished-at="2020-04-27T15:57:06Z">
          <reporter-output>
          </reporter-output>
        </test-method> <!-- createEmployees -->
        <test-method status="PASS" signature="checkResponseBody()[pri:0, instance:com.employeeapi.test.TC003_Post_Emp_Record@180bc464]" name="checkResponseBody" duration-ms="2" started-at="2020-04-27T15:57:06Z" finished-at="2020-04-27T15:57:06Z">
          <reporter-output>
          </reporter-output>
        </test-method> <!-- checkResponseBody -->
        <test-method status="PASS" signature="checkStatusCode()[pri:0, instance:com.employeeapi.test.TC003_Post_Emp_Record@180bc464]" name="checkStatusCode" duration-ms="2" started-at="2020-04-27T15:57:06Z" finished-at="2020-04-27T15:57:06Z">
          <reporter-output>
          </reporter-output>
        </test-method> <!-- checkStatusCode -->
      </class> <!-- com.employeeapi.test.TC003_Post_Emp_Record -->
      <class name="com.employeeapi.test.TC004_Put_EmpRecord">
        <test-method status="PASS" signature="beforeSuite()[pri:0, instance:com.employeeapi.test.TC004_Put_EmpRecord@3cda1055]" name="beforeSuite" is-config="true" duration-ms="141" started-at="2020-04-27T15:56:48Z" finished-at="2020-04-27T15:56:49Z">
          <reporter-output>
          </reporter-output>
        </test-method> <!-- beforeSuite -->
        <test-method status="PASS" signature="setup()[pri:0, instance:com.employeeapi.test.TC004_Put_EmpRecord@3cda1055]" name="setup" is-config="true" duration-ms="2" started-at="2020-04-27T15:57:06Z" finished-at="2020-04-27T15:57:06Z">
          <reporter-output>
          </reporter-output>
        </test-method> <!-- setup -->
        <test-method status="PASS" signature="updateEmployees()[pri:0, instance:com.employeeapi.test.TC004_Put_EmpRecord@3cda1055]" name="updateEmployees" is-config="true" duration-ms="6082" started-at="2020-04-27T15:57:06Z" finished-at="2020-04-27T15:57:12Z">
          <reporter-output>
          </reporter-output>
        </test-method> <!-- updateEmployees -->
        <test-method status="FAIL" signature="checkResponseBody()[pri:0, instance:com.employeeapi.test.TC004_Put_EmpRecord@3cda1055]" name="checkResponseBody" duration-ms="1" started-at="2020-04-27T15:57:12Z" finished-at="2020-04-27T15:57:12Z">
          <exception class="java.lang.AssertionError">
            <message>
              <![CDATA[expected [true] but found [false]]]>
            </message>
            <full-stacktrace>
              <![CDATA[java.lang.AssertionError: expected [true] but found [false]
	at org.testng.Assert.fail(Assert.java:94)
	at org.testng.Assert.failNotEquals(Assert.java:494)
	at org.testng.Assert.assertEquals(Assert.java:123)
	at org.testng.Assert.assertEquals(Assert.java:286)
	at org.testng.Assert.assertEquals(Assert.java:296)
	at com.employeeapi.test.TC004_Put_EmpRecord.checkResponseBody(TC004_Put_EmpRecord.java:50)
	at sun.reflect.NativeMethodAccessorImpl.invoke0(Native Method)
	at sun.reflect.NativeMethodAccessorImpl.invoke(NativeMethodAccessorImpl.java:62)
	at sun.reflect.DelegatingMethodAccessorImpl.invoke(DelegatingMethodAccessorImpl.java:43)
	at java.lang.reflect.Method.invoke(Method.java:498)
	at org.testng.internal.MethodInvocationHelper.invokeMethod(MethodInvocationHelper.java:80)
	at org.testng.internal.Invoker.invokeMethod(Invoker.java:714)
	at org.testng.internal.Invoker.invokeTestMethod(Invoker.java:901)
	at org.testng.internal.Invoker.invokeTestMethods(Invoker.java:1231)
	at org.testng.internal.TestMethodWorker.invokeTestMethods(TestMethodWorker.java:127)
	at org.testng.internal.TestMethodWorker.run(TestMethodWorker.java:111)
	at org.testng.TestRunner.privateRun(TestRunner.java:767)
	at org.testng.TestRunner.run(TestRunner.java:617)
	at org.testng.SuiteRunner.runTest(SuiteRunner.java:334)
	at org.testng.SuiteRunner.runSequentially(SuiteRunner.java:329)
	at org.testng.SuiteRunner.privateRun(SuiteRunner.java:291)
	at org.testng.SuiteRunner.run(SuiteRunner.java:240)
	at org.testng.SuiteRunnerWorker.runSuite(SuiteRunnerWorker.java:52)
	at org.testng.SuiteRunnerWorker.run(SuiteRunnerWorker.java:86)
	at org.testng.TestNG.runSuitesSequentially(TestNG.java:1198)
	at org.testng.TestNG.runSuitesLocally(TestNG.java:1123)
	at org.testng.TestNG.run(TestNG.java:1031)
	at org.apache.maven.surefire.testng.TestNGExecutor.run(TestNGExecutor.java:283)
	at org.apache.maven.surefire.testng.TestNGXmlTestSuite.execute(TestNGXmlTestSuite.java:75)
	at org.apache.maven.surefire.testng.TestNGProvider.invoke(TestNGProvider.java:120)
	at org.apache.maven.surefire.booter.ForkedBooter.invokeProviderInSameClassLoader(ForkedBooter.java:386)
	at org.apache.maven.surefire.booter.ForkedBooter.runSuitesInProcess(ForkedBooter.java:323)
	at org.apache.maven.surefire.booter.ForkedBooter.main(ForkedBooter.java:143)
]]>
            </full-stacktrace>
          </exception> <!-- java.lang.AssertionError -->
          <reporter-output>
          </reporter-output>
        </test-method> <!-- checkResponseBody -->
        <test-method status="PASS" signature="checkStatusCode()[pri:0, instance:com.employeeapi.test.TC004_Put_EmpRecord@3cda1055]" name="checkStatusCode" duration-ms="1" started-at="2020-04-27T15:57:12Z" finished-at="2020-04-27T15:57:12Z">
          <reporter-output>
          </reporter-output>
        </test-method> <!-- checkStatusCode -->
        <test-method status="PASS" signature="teardown()[pri:0, instance:com.employeeapi.test.TC004_Put_EmpRecord@3cda1055]" name="teardown" is-config="true" duration-ms="0" started-at="2020-04-27T15:57:12Z" finished-at="2020-04-27T15:57:12Z">
          <reporter-output>
          </reporter-output>
        </test-method> <!-- teardown -->
      </class> <!-- com.employeeapi.test.TC004_Put_EmpRecord -->
      <class name="com.employeeapi.test.TC001_GetRequest">
        <test-method status="PASS" signature="setup()[pri:0, instance:com.employeeapi.test.TC001_GetRequest@17550481]" name="setup" is-config="true" duration-ms="28" started-at="2020-04-27T15:56:49Z" finished-at="2020-04-27T15:56:49Z">
          <reporter-output>
          </reporter-output>
        </test-method> <!-- setup -->
        <test-method status="PASS" signature="getAllEmployees()[pri:0, instance:com.employeeapi.test.TC001_GetRequest@17550481]" name="getAllEmployees" is-config="true" duration-ms="7065" started-at="2020-04-27T15:56:49Z" finished-at="2020-04-27T15:56:56Z">
          <reporter-output>
          </reporter-output>
        </test-method> <!-- getAllEmployees -->
        <test-method status="PASS" signature="checkContentLength()[pri:0, instance:com.employeeapi.test.TC001_GetRequest@17550481]" name="checkContentLength" duration-ms="2" started-at="2020-04-27T15:56:56Z" finished-at="2020-04-27T15:56:56Z">
          <reporter-output>
          </reporter-output>
        </test-method> <!-- checkContentLength -->
        <test-method status="PASS" signature="afterMethod()[pri:0, instance:com.employeeapi.test.TC001_GetRequest@17550481]" name="afterMethod" is-config="true" duration-ms="0" started-at="2020-04-27T15:56:56Z" finished-at="2020-04-27T15:56:56Z">
          <reporter-output>
          </reporter-output>
        </test-method> <!-- afterMethod -->
        <test-method status="PASS" signature="checkResponseBody()[pri:0, instance:com.employeeapi.test.TC001_GetRequest@17550481]" name="checkResponseBody" duration-ms="23" started-at="2020-04-27T15:56:56Z" finished-at="2020-04-27T15:56:56Z">
          <reporter-output>
          </reporter-output>
        </test-method> <!-- checkResponseBody -->
        <test-method status="PASS" signature="afterMethod()[pri:0, instance:com.employeeapi.test.TC001_GetRequest@17550481]" name="afterMethod" is-config="true" duration-ms="3" started-at="2020-04-27T15:56:56Z" finished-at="2020-04-27T15:56:56Z">
          <reporter-output>
          </reporter-output>
        </test-method> <!-- afterMethod -->
        <test-method status="PASS" signature="checkResponseTime()[pri:0, instance:com.employeeapi.test.TC001_GetRequest@17550481]" name="checkResponseTime" duration-ms="2" started-at="2020-04-27T15:56:56Z" finished-at="2020-04-27T15:56:56Z">
          <reporter-output>
          </reporter-output>
        </test-method> <!-- checkResponseTime -->
        <test-method status="PASS" signature="afterMethod()[pri:0, instance:com.employeeapi.test.TC001_GetRequest@17550481]" name="afterMethod" is-config="true" duration-ms="1" started-at="2020-04-27T15:56:56Z" finished-at="2020-04-27T15:56:56Z">
          <reporter-output>
          </reporter-output>
        </test-method> <!-- afterMethod -->
        <test-method status="PASS" signature="checkStatusLine()[pri:0, instance:com.employeeapi.test.TC001_GetRequest@17550481]" name="checkStatusLine" duration-ms="1" started-at="2020-04-27T15:56:56Z" finished-at="2020-04-27T15:56:56Z">
          <reporter-output>
          </reporter-output>
        </test-method> <!-- checkStatusLine -->
        <test-method status="PASS" signature="afterMethod()[pri:0, instance:com.employeeapi.test.TC001_GetRequest@17550481]" name="afterMethod" is-config="true" duration-ms="0" started-at="2020-04-27T15:56:56Z" finished-at="2020-04-27T15:56:56Z">
          <reporter-output>
          </reporter-output>
        </test-method> <!-- afterMethod -->
        <test-method status="PASS" signature="afterSuite()[pri:0, instance:com.employeeapi.test.TC001_GetRequest@17550481]" name="afterSuite" is-config="true" duration-ms="215" started-at="2020-04-27T15:57:18Z" finished-at="2020-04-27T15:57:18Z">
          <reporter-output>
          </reporter-output>
        </test-method> <!-- afterSuite -->
      </class> <!-- com.employeeapi.test.TC001_GetRequest -->
    </test> <!-- RestAssuredTests -->
  </suite> <!-- RestAssuredSuite -->
</testng-results>
